Copyright 1986-2014 Xilinx, Inc. All Rights Reserved.
-----------------------------------------------------------------------------------------------
| Tool Version : Vivado v.2014.2 (win32) Build 932637 Wed Jun 11 13:27:54 MDT 2014
| Date         : Sat Dec 09 12:43:19 2017
| Host         : LOILE running 32-bit Service Pack 1  (build 7601)
| Command      : report_clock_utilization -file mouse_basys3_FPGA_clock_utilization_placed.rpt
| Design       : mouse_basys3_FPGA
| Device       : xc7a35t
-----------------------------------------------------------------------------------------------

Clock Utilization Report

Table of Contents
-----------------
1. Clock Primitive Utilization
2. Details of Global Clocks
3. Details of Regional Clocks
4. Details of Multi-Regional Clocks
5. Details of I/O Clocks
6. Details of Local Clocks
7. Clock Regions : Key Resource Utilization
8. Net wise resources used in clock region X1Y0

1. Clock Primitive Utilization
------------------------------

+-------+------+-----------+-----------+
| Type  | Used | Available | Num Fixed |
+-------+------+-----------+-----------+
| BUFG  |    2 |        32 |         0 |
| BUFH  |    0 |        72 |         0 |
| BUFIO |    0 |        20 |         0 |
| MMCM  |    0 |         5 |         0 |
| PLL   |    0 |         5 |         0 |
| BUFR  |    0 |        20 |         0 |
| BUFMR |    0 |        10 |         0 |
+-------+------+-----------+-----------+


2. Details of Global Clocks
---------------------------

+-------+-----------------------------+------------------------+--------------+-------+---------------+-----------+
|       |                             |                        |   Num Loads  |       |               |           |
+-------+-----------------------------+------------------------+------+-------+-------+---------------+-----------+
| Index | BUFG Cell                   | Net Name               | BELs | Sites | Fixed | MaxDelay (ns) | Skew (ns) |
+-------+-----------------------------+------------------------+------+-------+-------+---------------+-----------+
|     1 | clock_100Mhz_IBUF_BUFG_inst | clock_100Mhz_IBUF_BUFG |   21 |     6 |    no |         1.745 |     0.111 |
|     2 | Mouse_Clk_IBUF_BUFG_inst    | Mouse_Clk_IBUF_BUFG    |   22 |     5 |    no |         1.731 |     0.151 |
+-------+-----------------------------+------------------------+------+-------+-------+---------------+-----------+


3. Details of Regional Clocks
-----------------------------

4. Details of Multi-Regional Clocks
-----------------------------------

5. Details of I/O Clocks
------------------------

6. Details of Local Clocks
--------------------------

7. Clock Regions : Key Resource Utilization
-------------------------------------------

+-------------------+--------------+--------------+--------------+--------------+--------------+--------------+--------------+--------------+--------------+--------------+--------------+--------------+--------------+--------------+--------------+
|                   | Global Clock |     BUFRs    |    BUFMRs    |    BUFIOs    |     MMCM     |      PLL     |      GT      |      PCI     |    ILOGIC    |    OLOGIC    |      FF      |     LUTM     |    RAMB18    |    RAMB36    |    DSP48E1   |
+-------------------+------+-------+------+-------+------+-------+------+-------+------+-------+------+-------+------+-------+------+-------+------+-------+------+-------+------+-------+------+-------+------+-------+------+-------+------+-------+
| Clock Region Name | Used | Avail | Used | Avail | Used | Avail | Used | Avail | Used | Avail | Used | Avail | Used | Avail | Used | Avail | Used | Avail | Used | Avail | Used | Avail | Used | Avail | Used | Avail | Used | Avail | Used | Avail |
+-------------------+------+-------+------+-------+------+-------+------+-------+------+-------+------+-------+------+-------+------+-------+------+-------+------+-------+------+-------+------+-------+------+-------+------+-------+------+-------+
| X0Y0              |    0 |    12 |    0 |     4 |    0 |     2 |    0 |     4 |    0 |     1 |    0 |     1 |    0 |     0 |    0 |     0 |    0 |    50 |    0 |    50 |    0 |  9600 |    0 |  1600 |    0 |    20 |    0 |    10 |    0 |    20 |
| X1Y0              |    2 |    12 |    0 |     4 |    0 |     2 |    0 |     4 |    0 |     1 |    0 |     1 |    0 |     0 |    0 |     0 |    0 |    50 |    0 |    50 |   43 | 12000 |    0 |  1800 |    0 |    40 |    0 |    20 |    0 |    20 |
| X0Y1              |    0 |    12 |    0 |     4 |    0 |     2 |    0 |     4 |    0 |     1 |    0 |     1 |    0 |     0 |    0 |     0 |    0 |    50 |    0 |    50 |    0 |  9600 |    0 |  1600 |    0 |    20 |    0 |    10 |    0 |    20 |
| X1Y1              |    0 |    12 |    0 |     4 |    0 |     2 |    0 |     4 |    0 |     1 |    0 |     1 |    0 |     0 |    0 |     0 |    0 |    50 |    0 |    50 |    0 | 12000 |    0 |  1800 |    0 |    40 |    0 |    20 |    0 |    20 |
| X0Y2              |    0 |    12 |    0 |     4 |    0 |     2 |    0 |     4 |    0 |     1 |    0 |     1 |    0 |     0 |    0 |     0 |    0 |    50 |    0 |    50 |    0 | 14400 |    0 |  1600 |    0 |    20 |    0 |    10 |    0 |    20 |
| X1Y2              |    0 |    12 |    0 |     0 |    0 |     0 |    0 |     0 |    0 |     0 |    0 |     0 |    0 |     5 |    0 |     1 |    0 |     0 |    0 |     0 |    0 |  7600 |    0 |  1200 |    0 |    10 |    0 |     5 |    0 |    20 |
+-------------------+------+-------+------+-------+------+-------+------+-------+------+-------+------+-------+------+-------+------+-------+------+-------+------+-------+------+-------+------+-------+------+-------+------+-------+------+-------+
* RAMB36 site can be used as two RAMB18/FIFO18 sites


8. Net wise resources used in clock region X1Y0
-----------------------------------------------

+-------------+-------------+-------+-----------+----------+---------+-----------+---------+---------+-----+-------+----------+------------------------+
| Source Type | BUFHCE Site | Fixed | MMCM Pins | PLL Pins | GT Pins | BRAM Pins | ILOGICs | OLOGICs | FFs | LUTMs | DSP48E1s |     Clock Net Name     |
+-------------+-------------+-------+-----------+----------+---------+-----------+---------+---------+-----+-------+----------+------------------------+
| BUFG        |     ---     |   no  |         0 |        0 |       0 |         0 |       0 |       0 |  21 |     0 |        0 | clock_100Mhz_IBUF_BUFG |
| BUFG        |     ---     |   no  |         0 |        0 |       0 |         0 |       0 |       0 |  22 |     0 |        0 | Mouse_Clk_IBUF_BUFG    |
+-------------+-------------+-------+-----------+----------+---------+-----------+---------+---------+-----+-------+----------+------------------------+



# Location of BUFG Primitives 
set_property LOC BUFGCTRL_X0Y16 [get_cells Mouse_Clk_IBUF_BUFG_inst]
set_property LOC BUFGCTRL_X0Y0 [get_cells clock_100Mhz_IBUF_BUFG_inst]

# Location of IO Clock Primitives

# Location of MMCM Clock Primitives

# Location of BUFH Clock Primitives

# Location of BUFR Clock Primitives

# Location of BUFMR Clock Primitives

# Location of PLL Clock Primitives

# Location of IO Primitives which is load of clock spine

# Location of clock ports
set_property LOC IOB_X0Y122 [get_ports Mouse_Clk]
set_property LOC IOB_X1Y26 [get_ports clock_100Mhz]

# Clock net "Mouse_Clk_IBUF_BUFG" driven by instance "Mouse_Clk_IBUF_BUFG_inst" located at site "BUFGCTRL_X0Y16"
#startgroup
create_pblock CLKAG_Mouse_Clk_IBUF_BUFG
add_cells_to_pblock [get_pblocks  CLKAG_Mouse_Clk_IBUF_BUFG] [get_cells  -filter { IS_PRIMITIVE==1 && PRIMITIVE_LEVEL !=INTERNAL } -of_object [get_pins -filter {DIRECTION==IN} -of_objects [get_nets -hierarchical -filter {PARENT=="Mouse_Clk_IBUF_BUFG"}]]]
resize_pblock [get_pblocks CLKAG_Mouse_Clk_IBUF_BUFG] -add {CLOCKREGION_X1Y0:CLOCKREGION_X1Y0}
#endgroup

# Clock net "clock_100Mhz_IBUF_BUFG" driven by instance "clock_100Mhz_IBUF_BUFG_inst" located at site "BUFGCTRL_X0Y0"
#startgroup
create_pblock CLKAG_clock_100Mhz_IBUF_BUFG
add_cells_to_pblock [get_pblocks  CLKAG_clock_100Mhz_IBUF_BUFG] [get_cells  -filter { IS_PRIMITIVE==1 && PRIMITIVE_LEVEL !=INTERNAL } -of_object [get_pins -filter {DIRECTION==IN} -of_objects [get_nets -hierarchical -filter {PARENT=="clock_100Mhz_IBUF_BUFG"}]]]
resize_pblock [get_pblocks CLKAG_clock_100Mhz_IBUF_BUFG] -add {CLOCKREGION_X1Y0:CLOCKREGION_X1Y0}
#endgroup
